2024-12-17T15:44:11.120+01:00  INFO 8972 --- [aprende01-clase] [restartedMain] c.d.aprende.Aprende01ClaseApplication    : Starting Aprende01ClaseApplication using Java 23.0.1 with PID 8972 (C:\Users\daw2\Desktop\Spreenboot\aprende01-clase\target\classes started by daw2 in C:\Users\daw2\Desktop\spreenboot\aprende01-clase)
2024-12-17T15:44:11.128+01:00  INFO 8972 --- [aprende01-clase] [restartedMain] c.d.aprende.Aprende01ClaseApplication    : No active profile set, falling back to 1 default profile: "default"
2024-12-17T15:44:11.184+01:00  INFO 8972 --- [aprende01-clase] [restartedMain] .e.DevToolsPropertyDefaultsPostProcessor : Devtools property defaults active! Set 'spring.devtools.add-properties' to 'false' to disable
2024-12-17T15:44:11.184+01:00  INFO 8972 --- [aprende01-clase] [restartedMain] .e.DevToolsPropertyDefaultsPostProcessor : For additional web related logging consider setting the 'logging.level.web' property to 'DEBUG'
2024-12-17T15:44:11.891+01:00  INFO 8972 --- [aprende01-clase] [restartedMain] .s.d.r.c.RepositoryConfigurationDelegate : Bootstrapping Spring Data JPA repositories in DEFAULT mode.
2024-12-17T15:44:11.946+01:00  INFO 8972 --- [aprende01-clase] [restartedMain] .s.d.r.c.RepositoryConfigurationDelegate : Finished Spring Data repository scanning in 47 ms. Found 3 JPA repository interfaces.
2024-12-17T15:44:12.419+01:00  INFO 8972 --- [aprende01-clase] [restartedMain] o.s.b.w.embedded.tomcat.TomcatWebServer  : Tomcat initialized with port 8080 (http)
2024-12-17T15:44:12.431+01:00  INFO 8972 --- [aprende01-clase] [restartedMain] o.apache.catalina.core.StandardService   : Starting service [Tomcat]
2024-12-17T15:44:12.431+01:00  INFO 8972 --- [aprende01-clase] [restartedMain] o.apache.catalina.core.StandardEngine    : Starting Servlet engine: [Apache Tomcat/10.1.31]
2024-12-17T15:44:12.469+01:00  INFO 8972 --- [aprende01-clase] [restartedMain] o.a.c.c.C.[Tomcat].[localhost].[/]       : Initializing Spring embedded WebApplicationContext
2024-12-17T15:44:12.470+01:00  INFO 8972 --- [aprende01-clase] [restartedMain] w.s.c.ServletWebServerApplicationContext : Root WebApplicationContext: initialization completed in 1286 ms
2024-12-17T15:44:12.490+01:00  INFO 8972 --- [aprende01-clase] [restartedMain] com.zaxxer.hikari.HikariDataSource       : HikariPool-1 - Starting...
2024-12-17T15:44:12.709+01:00  INFO 8972 --- [aprende01-clase] [restartedMain] com.zaxxer.hikari.pool.HikariPool        : HikariPool-1 - Added connection conn0: url=jdbc:h2:file:./bd.aprende01 user=SA
2024-12-17T15:44:12.711+01:00  INFO 8972 --- [aprende01-clase] [restartedMain] com.zaxxer.hikari.HikariDataSource       : HikariPool-1 - Start completed.
2024-12-17T15:44:12.721+01:00  INFO 8972 --- [aprende01-clase] [restartedMain] o.s.b.a.h2.H2ConsoleAutoConfiguration    : H2 console available at '/h2-console'. Database available at 'jdbc:h2:file:./bd.aprende01'
2024-12-17T15:44:12.816+01:00  INFO 8972 --- [aprende01-clase] [restartedMain] o.hibernate.jpa.internal.util.LogHelper  : HHH000204: Processing PersistenceUnitInfo [name: default]
2024-12-17T15:44:12.869+01:00  INFO 8972 --- [aprende01-clase] [restartedMain] org.hibernate.Version                    : HHH000412: Hibernate ORM core version 6.5.3.Final
2024-12-17T15:44:12.897+01:00  INFO 8972 --- [aprende01-clase] [restartedMain] o.h.c.internal.RegionFactoryInitiator    : HHH000026: Second-level cache disabled
2024-12-17T15:44:13.171+01:00  INFO 8972 --- [aprende01-clase] [restartedMain] o.s.o.j.p.SpringPersistenceUnitInfo      : No LoadTimeWeaver setup: ignoring JPA class transformer
2024-12-17T15:44:13.212+01:00  WARN 8972 --- [aprende01-clase] [restartedMain] org.hibernate.orm.deprecation            : HHH90000025: H2Dialect does not need to be specified explicitly using 'hibernate.dialect' (remove the property setting and it will be selected by default)
2024-12-17T15:44:13.966+01:00  INFO 8972 --- [aprende01-clase] [restartedMain] o.h.e.t.j.p.i.JtaPlatformInitiator       : HHH000489: No JTA platform available (set 'hibernate.transaction.jta.platform' to enable JTA platform integration)
2024-12-17T15:44:14.016+01:00  INFO 8972 --- [aprende01-clase] [restartedMain] j.LocalContainerEntityManagerFactoryBean : Initialized JPA EntityManagerFactory for persistence unit 'default'
2024-12-17T15:44:14.337+01:00  WARN 8972 --- [aprende01-clase] [restartedMain] JpaBaseConfiguration$JpaWebConfiguration : spring.jpa.open-in-view is enabled by default. Therefore, database queries may be performed during view rendering. Explicitly configure spring.jpa.open-in-view to disable this warning
2024-12-17T15:44:14.601+01:00  INFO 8972 --- [aprende01-clase] [restartedMain] o.s.b.d.a.OptionalLiveReloadServer       : LiveReload server is running on port 35729
2024-12-17T15:44:14.627+01:00  INFO 8972 --- [aprende01-clase] [restartedMain] o.s.b.w.embedded.tomcat.TomcatWebServer  : Tomcat started on port 8080 (http) with context path '/'
2024-12-17T15:44:14.632+01:00  INFO 8972 --- [aprende01-clase] [restartedMain] c.d.aprende.Aprende01ClaseApplication    : Started Aprende01ClaseApplication in 3.881 seconds (process running for 5.045)
2024-12-17T15:44:18.616+01:00  INFO 8972 --- [aprende01-clase] [SpringApplicationShutdownHook] j.LocalContainerEntityManagerFactoryBean : Closing JPA EntityManagerFactory for persistence unit 'default'
2024-12-17T15:44:18.620+01:00  INFO 8972 --- [aprende01-clase] [SpringApplicationShutdownHook] com.zaxxer.hikari.HikariDataSource       : HikariPool-1 - Shutdown initiated...
2024-12-17T15:44:18.621+01:00  INFO 8972 --- [aprende01-clase] [SpringApplicationShutdownHook] com.zaxxer.hikari.HikariDataSource       : HikariPool-1 - Shutdown completed.
