2024-12-17T15:44:11.120+01:00  INFO 8972 --- [aprende01-clase] [restartedMain] c.d.aprende.Aprende01ClaseApplication    : Starting Aprende01ClaseApplication using Java 23.0.1 with PID 8972 (C:\Users\daw2\Desktop\Spreenboot\aprende01-clase\target\classes started by daw2 in C:\Users\daw2\Desktop\spreenboot\aprende01-clase)
2024-12-17T15:44:11.128+01:00  INFO 8972 --- [aprende01-clase] [restartedMain] c.d.aprende.Aprende01ClaseApplication    : No active profile set, falling back to 1 default profile: "default"
2024-12-17T15:44:11.184+01:00  INFO 8972 --- [aprende01-clase] [restartedMain] .e.DevToolsPropertyDefaultsPostProcessor : Devtools property defaults active! Set 'spring.devtools.add-properties' to 'false' to disable
2024-12-17T15:44:11.184+01:00  INFO 8972 --- [aprende01-clase] [restartedMain] .e.DevToolsPropertyDefaultsPostProcessor : For additional web related logging consider setting the 'logging.level.web' property to 'DEBUG'
2024-12-17T15:44:11.891+01:00  INFO 8972 --- [aprende01-clase] [restartedMain] .s.d.r.c.RepositoryConfigurationDelegate : Bootstrapping Spring Data JPA repositories in DEFAULT mode.
2024-12-17T15:44:11.946+01:00  INFO 8972 --- [aprende01-clase] [restartedMain] .s.d.r.c.RepositoryConfigurationDelegate : Finished Spring Data repository scanning in 47 ms. Found 3 JPA repository interfaces.
2024-12-17T15:44:12.419+01:00  INFO 8972 --- [aprende01-clase] [restartedMain] o.s.b.w.embedded.tomcat.TomcatWebServer  : Tomcat initialized with port 8080 (http)
2024-12-17T15:44:12.431+01:00  INFO 8972 --- [aprende01-clase] [restartedMain] o.apache.catalina.core.StandardService   : Starting service [Tomcat]
2024-12-17T15:44:12.431+01:00  INFO 8972 --- [aprende01-clase] [restartedMain] o.apache.catalina.core.StandardEngine    : Starting Servlet engine: [Apache Tomcat/10.1.31]
2024-12-17T15:44:12.469+01:00  INFO 8972 --- [aprende01-clase] [restartedMain] o.a.c.c.C.[Tomcat].[localhost].[/]       : Initializing Spring embedded WebApplicationContext
2024-12-17T15:44:12.470+01:00  INFO 8972 --- [aprende01-clase] [restartedMain] w.s.c.ServletWebServerApplicationContext : Root WebApplicationContext: initialization completed in 1286 ms
2024-12-17T15:44:12.490+01:00  INFO 8972 --- [aprende01-clase] [restartedMain] com.zaxxer.hikari.HikariDataSource       : HikariPool-1 - Starting...
2024-12-17T15:44:12.709+01:00  INFO 8972 --- [aprende01-clase] [restartedMain] com.zaxxer.hikari.pool.HikariPool        : HikariPool-1 - Added connection conn0: url=jdbc:h2:file:./bd.aprende01 user=SA
2024-12-17T15:44:12.711+01:00  INFO 8972 --- [aprende01-clase] [restartedMain] com.zaxxer.hikari.HikariDataSource       : HikariPool-1 - Start completed.
2024-12-17T15:44:12.721+01:00  INFO 8972 --- [aprende01-clase] [restartedMain] o.s.b.a.h2.H2ConsoleAutoConfiguration    : H2 console available at '/h2-console'. Database available at 'jdbc:h2:file:./bd.aprende01'
2024-12-17T15:44:12.816+01:00  INFO 8972 --- [aprende01-clase] [restartedMain] o.hibernate.jpa.internal.util.LogHelper  : HHH000204: Processing PersistenceUnitInfo [name: default]
2024-12-17T15:44:12.869+01:00  INFO 8972 --- [aprende01-clase] [restartedMain] org.hibernate.Version                    : HHH000412: Hibernate ORM core version 6.5.3.Final
2024-12-17T15:44:12.897+01:00  INFO 8972 --- [aprende01-clase] [restartedMain] o.h.c.internal.RegionFactoryInitiator    : HHH000026: Second-level cache disabled
2024-12-17T15:44:13.171+01:00  INFO 8972 --- [aprende01-clase] [restartedMain] o.s.o.j.p.SpringPersistenceUnitInfo      : No LoadTimeWeaver setup: ignoring JPA class transformer
2024-12-17T15:44:13.212+01:00  WARN 8972 --- [aprende01-clase] [restartedMain] org.hibernate.orm.deprecation            : HHH90000025: H2Dialect does not need to be specified explicitly using 'hibernate.dialect' (remove the property setting and it will be selected by default)
2024-12-17T15:44:13.966+01:00  INFO 8972 --- [aprende01-clase] [restartedMain] o.h.e.t.j.p.i.JtaPlatformInitiator       : HHH000489: No JTA platform available (set 'hibernate.transaction.jta.platform' to enable JTA platform integration)
2024-12-17T15:44:14.016+01:00  INFO 8972 --- [aprende01-clase] [restartedMain] j.LocalContainerEntityManagerFactoryBean : Initialized JPA EntityManagerFactory for persistence unit 'default'
2024-12-17T15:44:14.337+01:00  WARN 8972 --- [aprende01-clase] [restartedMain] JpaBaseConfiguration$JpaWebConfiguration : spring.jpa.open-in-view is enabled by default. Therefore, database queries may be performed during view rendering. Explicitly configure spring.jpa.open-in-view to disable this warning
2024-12-17T15:44:14.601+01:00  INFO 8972 --- [aprende01-clase] [restartedMain] o.s.b.d.a.OptionalLiveReloadServer       : LiveReload server is running on port 35729
2024-12-17T15:44:14.627+01:00  INFO 8972 --- [aprende01-clase] [restartedMain] o.s.b.w.embedded.tomcat.TomcatWebServer  : Tomcat started on port 8080 (http) with context path '/'
2024-12-17T15:44:14.632+01:00  INFO 8972 --- [aprende01-clase] [restartedMain] c.d.aprende.Aprende01ClaseApplication    : Started Aprende01ClaseApplication in 3.881 seconds (process running for 5.045)
2024-12-17T15:44:18.616+01:00  INFO 8972 --- [aprende01-clase] [SpringApplicationShutdownHook] j.LocalContainerEntityManagerFactoryBean : Closing JPA EntityManagerFactory for persistence unit 'default'
2024-12-17T15:44:18.620+01:00  INFO 8972 --- [aprende01-clase] [SpringApplicationShutdownHook] com.zaxxer.hikari.HikariDataSource       : HikariPool-1 - Shutdown initiated...
2024-12-17T15:44:18.621+01:00  INFO 8972 --- [aprende01-clase] [SpringApplicationShutdownHook] com.zaxxer.hikari.HikariDataSource       : HikariPool-1 - Shutdown completed.
2024-12-17T15:50:04.453+01:00  INFO 11316 --- [aprende01-viajes-clase] [restartedMain] c.d.viajesclase.ViajesClaseApplication   : Starting ViajesClaseApplication using Java 23.0.1 with PID 11316 (C:\Users\daw2\Desktop\Spreenboot\aprende01-viajes-clase\target\classes started by daw2 in C:\Users\daw2\Desktop\Spreenboot\aprende01-viajes-clase)
2024-12-17T15:50:04.454+01:00  INFO 11316 --- [aprende01-viajes-clase] [restartedMain] c.d.viajesclase.ViajesClaseApplication   : No active profile set, falling back to 1 default profile: "default"
2024-12-17T15:50:04.496+01:00  INFO 11316 --- [aprende01-viajes-clase] [restartedMain] .e.DevToolsPropertyDefaultsPostProcessor : Devtools property defaults active! Set 'spring.devtools.add-properties' to 'false' to disable
2024-12-17T15:50:04.496+01:00  INFO 11316 --- [aprende01-viajes-clase] [restartedMain] .e.DevToolsPropertyDefaultsPostProcessor : For additional web related logging consider setting the 'logging.level.web' property to 'DEBUG'
2024-12-17T15:50:05.100+01:00  INFO 11316 --- [aprende01-viajes-clase] [restartedMain] .s.d.r.c.RepositoryConfigurationDelegate : Bootstrapping Spring Data JPA repositories in DEFAULT mode.
2024-12-17T15:50:05.143+01:00  INFO 11316 --- [aprende01-viajes-clase] [restartedMain] .s.d.r.c.RepositoryConfigurationDelegate : Finished Spring Data repository scanning in 37 ms. Found 2 JPA repository interfaces.
2024-12-17T15:50:05.539+01:00  INFO 11316 --- [aprende01-viajes-clase] [restartedMain] o.s.b.w.embedded.tomcat.TomcatWebServer  : Tomcat initialized with port 8080 (http)
2024-12-17T15:50:05.549+01:00  INFO 11316 --- [aprende01-viajes-clase] [restartedMain] o.apache.catalina.core.StandardService   : Starting service [Tomcat]
2024-12-17T15:50:05.550+01:00  INFO 11316 --- [aprende01-viajes-clase] [restartedMain] o.apache.catalina.core.StandardEngine    : Starting Servlet engine: [Apache Tomcat/10.1.31]
2024-12-17T15:50:05.584+01:00  INFO 11316 --- [aprende01-viajes-clase] [restartedMain] o.a.c.c.C.[Tomcat].[localhost].[/]       : Initializing Spring embedded WebApplicationContext
2024-12-17T15:50:05.584+01:00  INFO 11316 --- [aprende01-viajes-clase] [restartedMain] w.s.c.ServletWebServerApplicationContext : Root WebApplicationContext: initialization completed in 1087 ms
2024-12-17T15:50:05.604+01:00  INFO 11316 --- [aprende01-viajes-clase] [restartedMain] com.zaxxer.hikari.HikariDataSource       : HikariPool-1 - Starting...
2024-12-17T15:50:05.795+01:00  INFO 11316 --- [aprende01-viajes-clase] [restartedMain] com.zaxxer.hikari.pool.HikariPool        : HikariPool-1 - Added connection conn0: url=jdbc:h2:file:./bd.aprende01 user=SA
2024-12-17T15:50:05.797+01:00  INFO 11316 --- [aprende01-viajes-clase] [restartedMain] com.zaxxer.hikari.HikariDataSource       : HikariPool-1 - Start completed.
2024-12-17T15:50:05.810+01:00  INFO 11316 --- [aprende01-viajes-clase] [restartedMain] o.s.b.a.h2.H2ConsoleAutoConfiguration    : H2 console available at '/h2-console'. Database available at 'jdbc:h2:file:./bd.aprende01'
2024-12-17T15:50:05.904+01:00  INFO 11316 --- [aprende01-viajes-clase] [restartedMain] o.hibernate.jpa.internal.util.LogHelper  : HHH000204: Processing PersistenceUnitInfo [name: default]
2024-12-17T15:50:05.943+01:00  INFO 11316 --- [aprende01-viajes-clase] [restartedMain] org.hibernate.Version                    : HHH000412: Hibernate ORM core version 6.5.3.Final
2024-12-17T15:50:05.967+01:00  INFO 11316 --- [aprende01-viajes-clase] [restartedMain] o.h.c.internal.RegionFactoryInitiator    : HHH000026: Second-level cache disabled
2024-12-17T15:50:06.237+01:00  INFO 11316 --- [aprende01-viajes-clase] [restartedMain] o.s.o.j.p.SpringPersistenceUnitInfo      : No LoadTimeWeaver setup: ignoring JPA class transformer
2024-12-17T15:50:06.294+01:00  WARN 11316 --- [aprende01-viajes-clase] [restartedMain] org.hibernate.orm.deprecation            : HHH90000025: H2Dialect does not need to be specified explicitly using 'hibernate.dialect' (remove the property setting and it will be selected by default)
2024-12-17T15:50:06.956+01:00  INFO 11316 --- [aprende01-viajes-clase] [restartedMain] o.h.e.t.j.p.i.JtaPlatformInitiator       : HHH000489: No JTA platform available (set 'hibernate.transaction.jta.platform' to enable JTA platform integration)
2024-12-17T15:50:07.003+01:00  INFO 11316 --- [aprende01-viajes-clase] [restartedMain] j.LocalContainerEntityManagerFactoryBean : Initialized JPA EntityManagerFactory for persistence unit 'default'
2024-12-17T15:50:07.295+01:00  WARN 11316 --- [aprende01-viajes-clase] [restartedMain] JpaBaseConfiguration$JpaWebConfiguration : spring.jpa.open-in-view is enabled by default. Therefore, database queries may be performed during view rendering. Explicitly configure spring.jpa.open-in-view to disable this warning
2024-12-17T15:50:07.535+01:00  INFO 11316 --- [aprende01-viajes-clase] [restartedMain] o.s.b.d.a.OptionalLiveReloadServer       : LiveReload server is running on port 35729
2024-12-17T15:50:07.563+01:00  INFO 11316 --- [aprende01-viajes-clase] [restartedMain] o.s.b.w.embedded.tomcat.TomcatWebServer  : Tomcat started on port 8080 (http) with context path '/'
2024-12-17T15:50:07.569+01:00  INFO 11316 --- [aprende01-viajes-clase] [restartedMain] c.d.viajesclase.ViajesClaseApplication   : Started ViajesClaseApplication in 3.512 seconds (process running for 4.202)
2024-12-17T15:50:47.604+01:00  INFO 11316 --- [aprende01-viajes-clase] [SpringApplicationShutdownHook] j.LocalContainerEntityManagerFactoryBean : Closing JPA EntityManagerFactory for persistence unit 'default'
2024-12-17T15:50:47.606+01:00  INFO 11316 --- [aprende01-viajes-clase] [SpringApplicationShutdownHook] com.zaxxer.hikari.HikariDataSource       : HikariPool-1 - Shutdown initiated...
2024-12-17T15:50:47.607+01:00  INFO 11316 --- [aprende01-viajes-clase] [SpringApplicationShutdownHook] com.zaxxer.hikari.HikariDataSource       : HikariPool-1 - Shutdown completed.
2024-12-17T15:50:53.591+01:00  INFO 8988 --- [aprende01-viajes-clase] [restartedMain] c.d.viajesclase.ViajesClaseApplication   : Starting ViajesClaseApplication using Java 23.0.1 with PID 8988 (C:\Users\daw2\Desktop\Spreenboot\aprende01-viajes-clase\target\classes started by daw2 in C:\Users\daw2\Desktop\Spreenboot\aprende01-viajes-clase)
2024-12-17T15:50:53.592+01:00  INFO 8988 --- [aprende01-viajes-clase] [restartedMain] c.d.viajesclase.ViajesClaseApplication   : No active profile set, falling back to 1 default profile: "default"
2024-12-17T15:50:53.634+01:00  INFO 8988 --- [aprende01-viajes-clase] [restartedMain] .e.DevToolsPropertyDefaultsPostProcessor : Devtools property defaults active! Set 'spring.devtools.add-properties' to 'false' to disable
2024-12-17T15:50:53.634+01:00  INFO 8988 --- [aprende01-viajes-clase] [restartedMain] .e.DevToolsPropertyDefaultsPostProcessor : For additional web related logging consider setting the 'logging.level.web' property to 'DEBUG'
2024-12-17T15:50:54.108+01:00  INFO 8988 --- [aprende01-viajes-clase] [restartedMain] .s.d.r.c.RepositoryConfigurationDelegate : Bootstrapping Spring Data JPA repositories in DEFAULT mode.
2024-12-17T15:50:54.150+01:00  INFO 8988 --- [aprende01-viajes-clase] [restartedMain] .s.d.r.c.RepositoryConfigurationDelegate : Finished Spring Data repository scanning in 37 ms. Found 2 JPA repository interfaces.
2024-12-17T15:50:54.528+01:00  INFO 8988 --- [aprende01-viajes-clase] [restartedMain] o.s.b.w.embedded.tomcat.TomcatWebServer  : Tomcat initialized with port 8080 (http)
2024-12-17T15:50:54.538+01:00  INFO 8988 --- [aprende01-viajes-clase] [restartedMain] o.apache.catalina.core.StandardService   : Starting service [Tomcat]
2024-12-17T15:50:54.539+01:00  INFO 8988 --- [aprende01-viajes-clase] [restartedMain] o.apache.catalina.core.StandardEngine    : Starting Servlet engine: [Apache Tomcat/10.1.31]
2024-12-17T15:50:54.572+01:00  INFO 8988 --- [aprende01-viajes-clase] [restartedMain] o.a.c.c.C.[Tomcat].[localhost].[/]       : Initializing Spring embedded WebApplicationContext
2024-12-17T15:50:54.572+01:00  INFO 8988 --- [aprende01-viajes-clase] [restartedMain] w.s.c.ServletWebServerApplicationContext : Root WebApplicationContext: initialization completed in 937 ms
2024-12-17T15:50:54.591+01:00  INFO 8988 --- [aprende01-viajes-clase] [restartedMain] com.zaxxer.hikari.HikariDataSource       : HikariPool-1 - Starting...
2024-12-17T15:50:54.789+01:00  INFO 8988 --- [aprende01-viajes-clase] [restartedMain] com.zaxxer.hikari.pool.HikariPool        : HikariPool-1 - Added connection conn0: url=jdbc:h2:file:./bd.aprende01 user=SA
2024-12-17T15:50:54.791+01:00  INFO 8988 --- [aprende01-viajes-clase] [restartedMain] com.zaxxer.hikari.HikariDataSource       : HikariPool-1 - Start completed.
2024-12-17T15:50:54.800+01:00  INFO 8988 --- [aprende01-viajes-clase] [restartedMain] o.s.b.a.h2.H2ConsoleAutoConfiguration    : H2 console available at '/h2-console'. Database available at 'jdbc:h2:file:./bd.aprende01'
2024-12-17T15:50:54.883+01:00  INFO 8988 --- [aprende01-viajes-clase] [restartedMain] o.hibernate.jpa.internal.util.LogHelper  : HHH000204: Processing PersistenceUnitInfo [name: default]
2024-12-17T15:50:54.921+01:00  INFO 8988 --- [aprende01-viajes-clase] [restartedMain] org.hibernate.Version                    : HHH000412: Hibernate ORM core version 6.5.3.Final
2024-12-17T15:50:54.944+01:00  INFO 8988 --- [aprende01-viajes-clase] [restartedMain] o.h.c.internal.RegionFactoryInitiator    : HHH000026: Second-level cache disabled
2024-12-17T15:50:55.170+01:00  INFO 8988 --- [aprende01-viajes-clase] [restartedMain] o.s.o.j.p.SpringPersistenceUnitInfo      : No LoadTimeWeaver setup: ignoring JPA class transformer
2024-12-17T15:50:55.202+01:00  WARN 8988 --- [aprende01-viajes-clase] [restartedMain] org.hibernate.orm.deprecation            : HHH90000025: H2Dialect does not need to be specified explicitly using 'hibernate.dialect' (remove the property setting and it will be selected by default)
2024-12-17T15:50:55.820+01:00  INFO 8988 --- [aprende01-viajes-clase] [restartedMain] o.h.e.t.j.p.i.JtaPlatformInitiator       : HHH000489: No JTA platform available (set 'hibernate.transaction.jta.platform' to enable JTA platform integration)
2024-12-17T15:50:55.856+01:00  INFO 8988 --- [aprende01-viajes-clase] [restartedMain] j.LocalContainerEntityManagerFactoryBean : Initialized JPA EntityManagerFactory for persistence unit 'default'
2024-12-17T15:50:56.158+01:00  WARN 8988 --- [aprende01-viajes-clase] [restartedMain] JpaBaseConfiguration$JpaWebConfiguration : spring.jpa.open-in-view is enabled by default. Therefore, database queries may be performed during view rendering. Explicitly configure spring.jpa.open-in-view to disable this warning
2024-12-17T15:50:56.389+01:00  INFO 8988 --- [aprende01-viajes-clase] [restartedMain] o.s.b.d.a.OptionalLiveReloadServer       : LiveReload server is running on port 35729
2024-12-17T15:50:56.412+01:00  INFO 8988 --- [aprende01-viajes-clase] [restartedMain] o.s.b.w.embedded.tomcat.TomcatWebServer  : Tomcat started on port 8080 (http) with context path '/'
2024-12-17T15:50:56.418+01:00  INFO 8988 --- [aprende01-viajes-clase] [restartedMain] c.d.viajesclase.ViajesClaseApplication   : Started ViajesClaseApplication in 3.167 seconds (process running for 3.71)
2024-12-17T15:51:30.389+01:00  INFO 8988 --- [aprende01-viajes-clase] [File Watcher] rtingClassPathChangeChangedEventListener : Restarting due to 16 class path changes (0 additions, 14 deletions, 2 modifications)
2024-12-17T15:51:30.411+01:00  INFO 8988 --- [aprende01-viajes-clase] [Thread-6] j.LocalContainerEntityManagerFactoryBean : Closing JPA EntityManagerFactory for persistence unit 'default'
2024-12-17T15:51:30.415+01:00  INFO 8988 --- [aprende01-viajes-clase] [Thread-6] com.zaxxer.hikari.HikariDataSource       : HikariPool-1 - Shutdown initiated...
2024-12-17T15:51:30.620+01:00  INFO 8988 --- [aprende01-viajes-clase] [Thread-6] com.zaxxer.hikari.HikariDataSource       : HikariPool-1 - Shutdown completed.
2024-12-17T15:51:30.741+01:00  INFO 8988 --- [aprende01-viajes-clase] [restartedMain] c.d.viajesclase.ViajesClaseApplication   : Starting ViajesClaseApplication using Java 23.0.1 with PID 8988 (C:\Users\daw2\Desktop\Spreenboot\aprende01-viajes-clase\target\classes started by daw2 in C:\Users\daw2\Desktop\Spreenboot\aprende01-viajes-clase)
2024-12-17T15:51:30.741+01:00  INFO 8988 --- [aprende01-viajes-clase] [restartedMain] c.d.viajesclase.ViajesClaseApplication   : No active profile set, falling back to 1 default profile: "default"
2024-12-17T15:51:30.980+01:00  INFO 8988 --- [aprende01-viajes-clase] [restartedMain] .s.d.r.c.RepositoryConfigurationDelegate : Bootstrapping Spring Data JPA repositories in DEFAULT mode.
2024-12-17T15:51:30.993+01:00  INFO 8988 --- [aprende01-viajes-clase] [restartedMain] .s.d.r.c.RepositoryConfigurationDelegate : Finished Spring Data repository scanning in 13 ms. Found 2 JPA repository interfaces.
2024-12-17T15:51:31.104+01:00  INFO 8988 --- [aprende01-viajes-clase] [restartedMain] o.s.b.w.embedded.tomcat.TomcatWebServer  : Tomcat initialized with port 8080 (http)
2024-12-17T15:51:31.105+01:00  INFO 8988 --- [aprende01-viajes-clase] [restartedMain] o.apache.catalina.core.StandardService   : Starting service [Tomcat]
2024-12-17T15:51:31.105+01:00  INFO 8988 --- [aprende01-viajes-clase] [restartedMain] o.apache.catalina.core.StandardEngine    : Starting Servlet engine: [Apache Tomcat/10.1.31]
2024-12-17T15:51:31.128+01:00  INFO 8988 --- [aprende01-viajes-clase] [restartedMain] o.a.c.c.C.[Tomcat].[localhost].[/]       : Initializing Spring embedded WebApplicationContext
2024-12-17T15:51:31.128+01:00  INFO 8988 --- [aprende01-viajes-clase] [restartedMain] w.s.c.ServletWebServerApplicationContext : Root WebApplicationContext: initialization completed in 384 ms
2024-12-17T15:51:31.142+01:00  INFO 8988 --- [aprende01-viajes-clase] [restartedMain] com.zaxxer.hikari.HikariDataSource       : HikariPool-2 - Starting...
2024-12-17T15:51:31.168+01:00  INFO 8988 --- [aprende01-viajes-clase] [restartedMain] com.zaxxer.hikari.pool.HikariPool        : HikariPool-2 - Added connection conn10: url=jdbc:h2:file:./bd.aprende01 user=SA
2024-12-17T15:51:31.168+01:00  INFO 8988 --- [aprende01-viajes-clase] [restartedMain] com.zaxxer.hikari.HikariDataSource       : HikariPool-2 - Start completed.
2024-12-17T15:51:31.168+01:00  INFO 8988 --- [aprende01-viajes-clase] [restartedMain] o.s.b.a.h2.H2ConsoleAutoConfiguration    : H2 console available at '/h2-console'. Database available at 'jdbc:h2:file:./bd.aprende01'
2024-12-17T15:51:31.198+01:00  INFO 8988 --- [aprende01-viajes-clase] [restartedMain] o.hibernate.jpa.internal.util.LogHelper  : HHH000204: Processing PersistenceUnitInfo [name: default]
2024-12-17T15:51:31.203+01:00  INFO 8988 --- [aprende01-viajes-clase] [restartedMain] o.h.c.internal.RegionFactoryInitiator    : HHH000026: Second-level cache disabled
2024-12-17T15:51:31.212+01:00  INFO 8988 --- [aprende01-viajes-clase] [restartedMain] o.s.o.j.p.SpringPersistenceUnitInfo      : No LoadTimeWeaver setup: ignoring JPA class transformer
2024-12-17T15:51:31.214+01:00  WARN 8988 --- [aprende01-viajes-clase] [restartedMain] org.hibernate.orm.deprecation            : HHH90000025: H2Dialect does not need to be specified explicitly using 'hibernate.dialect' (remove the property setting and it will be selected by default)
2024-12-17T15:51:31.279+01:00  INFO 8988 --- [aprende01-viajes-clase] [restartedMain] o.h.e.t.j.p.i.JtaPlatformInitiator       : HHH000489: No JTA platform available (set 'hibernate.transaction.jta.platform' to enable JTA platform integration)
2024-12-17T15:51:31.280+01:00  INFO 8988 --- [aprende01-viajes-clase] [restartedMain] j.LocalContainerEntityManagerFactoryBean : Initialized JPA EntityManagerFactory for persistence unit 'default'
2024-12-17T15:51:31.354+01:00  WARN 8988 --- [aprende01-viajes-clase] [restartedMain] JpaBaseConfiguration$JpaWebConfiguration : spring.jpa.open-in-view is enabled by default. Therefore, database queries may be performed during view rendering. Explicitly configure spring.jpa.open-in-view to disable this warning
2024-12-17T15:51:31.430+01:00  INFO 8988 --- [aprende01-viajes-clase] [restartedMain] o.s.b.d.a.OptionalLiveReloadServer       : LiveReload server is running on port 35729
2024-12-17T15:51:31.443+01:00  INFO 8988 --- [aprende01-viajes-clase] [restartedMain] o.s.b.w.embedded.tomcat.TomcatWebServer  : Tomcat started on port 8080 (http) with context path '/'
2024-12-17T15:51:31.446+01:00  INFO 8988 --- [aprende01-viajes-clase] [restartedMain] c.d.viajesclase.ViajesClaseApplication   : Started ViajesClaseApplication in 0.739 seconds (process running for 38.737)
2024-12-17T15:51:31.448+01:00  INFO 8988 --- [aprende01-viajes-clase] [restartedMain] .ConditionEvaluationDeltaLoggingListener : Condition evaluation unchanged
2024-12-17T15:51:32.857+01:00  INFO 8988 --- [aprende01-viajes-clase] [File Watcher] rtingClassPathChangeChangedEventListener : Restarting due to 14 class path changes (14 additions, 0 deletions, 0 modifications)
2024-12-17T15:51:32.871+01:00  INFO 8988 --- [aprende01-viajes-clase] [Thread-8] j.LocalContainerEntityManagerFactoryBean : Closing JPA EntityManagerFactory for persistence unit 'default'
2024-12-17T15:51:32.871+01:00  INFO 8988 --- [aprende01-viajes-clase] [Thread-8] com.zaxxer.hikari.HikariDataSource       : HikariPool-2 - Shutdown initiated...
2024-12-17T15:51:33.075+01:00  INFO 8988 --- [aprende01-viajes-clase] [Thread-8] com.zaxxer.hikari.HikariDataSource       : HikariPool-2 - Shutdown completed.
2024-12-17T15:51:33.169+01:00  INFO 8988 --- [aprende01-viajes-clase] [restartedMain] c.d.viajesclase.ViajesClaseApplication   : Starting ViajesClaseApplication using Java 23.0.1 with PID 8988 (C:\Users\daw2\Desktop\Spreenboot\aprende01-viajes-clase\target\classes started by daw2 in C:\Users\daw2\Desktop\Spreenboot\aprende01-viajes-clase)
2024-12-17T15:51:33.170+01:00  INFO 8988 --- [aprende01-viajes-clase] [restartedMain] c.d.viajesclase.ViajesClaseApplication   : No active profile set, falling back to 1 default profile: "default"
2024-12-17T15:51:33.440+01:00  INFO 8988 --- [aprende01-viajes-clase] [restartedMain] .s.d.r.c.RepositoryConfigurationDelegate : Bootstrapping Spring Data JPA repositories in DEFAULT mode.
2024-12-17T15:51:33.452+01:00  INFO 8988 --- [aprende01-viajes-clase] [restartedMain] .s.d.r.c.RepositoryConfigurationDelegate : Finished Spring Data repository scanning in 11 ms. Found 2 JPA repository interfaces.
2024-12-17T15:51:33.525+01:00  INFO 8988 --- [aprende01-viajes-clase] [restartedMain] o.s.b.w.embedded.tomcat.TomcatWebServer  : Tomcat initialized with port 8080 (http)
2024-12-17T15:51:33.526+01:00  INFO 8988 --- [aprende01-viajes-clase] [restartedMain] o.apache.catalina.core.StandardService   : Starting service [Tomcat]
2024-12-17T15:51:33.526+01:00  INFO 8988 --- [aprende01-viajes-clase] [restartedMain] o.apache.catalina.core.StandardEngine    : Starting Servlet engine: [Apache Tomcat/10.1.31]
2024-12-17T15:51:33.540+01:00  INFO 8988 --- [aprende01-viajes-clase] [restartedMain] o.a.c.c.C.[Tomcat].[localhost].[/]       : Initializing Spring embedded WebApplicationContext
2024-12-17T15:51:33.541+01:00  INFO 8988 --- [aprende01-viajes-clase] [restartedMain] w.s.c.ServletWebServerApplicationContext : Root WebApplicationContext: initialization completed in 369 ms
2024-12-17T15:51:33.550+01:00  INFO 8988 --- [aprende01-viajes-clase] [restartedMain] com.zaxxer.hikari.HikariDataSource       : HikariPool-3 - Starting...
2024-12-17T15:51:33.566+01:00  INFO 8988 --- [aprende01-viajes-clase] [restartedMain] com.zaxxer.hikari.pool.HikariPool        : HikariPool-3 - Added connection conn20: url=jdbc:h2:file:./bd.aprende01 user=SA
2024-12-17T15:51:33.566+01:00  INFO 8988 --- [aprende01-viajes-clase] [restartedMain] com.zaxxer.hikari.HikariDataSource       : HikariPool-3 - Start completed.
2024-12-17T15:51:33.566+01:00  INFO 8988 --- [aprende01-viajes-clase] [restartedMain] o.s.b.a.h2.H2ConsoleAutoConfiguration    : H2 console available at '/h2-console'. Database available at 'jdbc:h2:file:./bd.aprende01'
2024-12-17T15:51:33.586+01:00  INFO 8988 --- [aprende01-viajes-clase] [restartedMain] o.hibernate.jpa.internal.util.LogHelper  : HHH000204: Processing PersistenceUnitInfo [name: default]
2024-12-17T15:51:33.588+01:00  INFO 8988 --- [aprende01-viajes-clase] [restartedMain] o.h.c.internal.RegionFactoryInitiator    : HHH000026: Second-level cache disabled
2024-12-17T15:51:33.594+01:00  INFO 8988 --- [aprende01-viajes-clase] [restartedMain] o.s.o.j.p.SpringPersistenceUnitInfo      : No LoadTimeWeaver setup: ignoring JPA class transformer
2024-12-17T15:51:33.595+01:00  WARN 8988 --- [aprende01-viajes-clase] [restartedMain] org.hibernate.orm.deprecation            : HHH90000025: H2Dialect does not need to be specified explicitly using 'hibernate.dialect' (remove the property setting and it will be selected by default)
2024-12-17T15:51:33.644+01:00  INFO 8988 --- [aprende01-viajes-clase] [restartedMain] o.h.e.t.j.p.i.JtaPlatformInitiator       : HHH000489: No JTA platform available (set 'hibernate.transaction.jta.platform' to enable JTA platform integration)
2024-12-17T15:51:33.646+01:00  INFO 8988 --- [aprende01-viajes-clase] [restartedMain] j.LocalContainerEntityManagerFactoryBean : Initialized JPA EntityManagerFactory for persistence unit 'default'
2024-12-17T15:51:33.718+01:00  WARN 8988 --- [aprende01-viajes-clase] [restartedMain] JpaBaseConfiguration$JpaWebConfiguration : spring.jpa.open-in-view is enabled by default. Therefore, database queries may be performed during view rendering. Explicitly configure spring.jpa.open-in-view to disable this warning
2024-12-17T15:51:33.786+01:00  INFO 8988 --- [aprende01-viajes-clase] [restartedMain] o.s.b.d.a.OptionalLiveReloadServer       : LiveReload server is running on port 35729
2024-12-17T15:51:33.794+01:00  INFO 8988 --- [aprende01-viajes-clase] [restartedMain] o.s.b.w.embedded.tomcat.TomcatWebServer  : Tomcat started on port 8080 (http) with context path '/'
2024-12-17T15:51:33.797+01:00  INFO 8988 --- [aprende01-viajes-clase] [restartedMain] c.d.viajesclase.ViajesClaseApplication   : Started ViajesClaseApplication in 0.655 seconds (process running for 41.089)
2024-12-17T15:51:33.798+01:00  INFO 8988 --- [aprende01-viajes-clase] [restartedMain] .ConditionEvaluationDeltaLoggingListener : Condition evaluation unchanged
